TITLE : A_patch_test_of_shell
        (23:24:10 on May 26, 2019, Sunday)

C O N T R O L   I N F O R M A T I O N

      NUMBER OF NODAL POINTS . . . . . . . . . . (NUMNP)  =    16
      NUMBER OF ELEMENT GROUPS . . . . . . . . . (NUMEG)  =     1
      NUMBER OF LOAD CASES . . . . . . . . . . . (NLCASE) =     1
      SOLUTION MODE  . . . . . . . . . . . . . . (MODEX)  =     1
         EQ.0, DATA CHECK
         EQ.1, EXECUTION

 N O D A L   P O I N T   D A T A

    NODE       BOUNDARY                         NODAL POINT
   NUMBER  CONDITION  CODES                     COORDINATES
        1    1    1    0      -1.00000e+00   -1.00000e+00    0.00000e+00
        2    0    0    0       0.00000e+00   -1.00000e+00    0.00000e+00
        3    0    0    0       3.00000e-01   -1.00000e+00    0.00000e+00
        4    0    1    0       1.00000e+00   -1.00000e+00    0.00000e+00
        5    0    0    0      -1.00000e+00   -2.00000e-01    0.00000e+00
        6    0    0    0       0.00000e+00   -2.00000e-01    0.00000e+00
        7    0    0    0       3.00000e-01   -2.00000e-01    0.00000e+00
        8    0    0    0       1.00000e+00   -2.00000e-01    0.00000e+00
        9    0    0    0      -1.00000e+00    0.00000e+00    0.00000e+00
       10    0    0    1       0.00000e+00    0.00000e+00    0.00000e+00
       11    0    0    0       3.00000e-01    0.00000e+00    0.00000e+00
       12    0    0    0       1.00000e+00    0.00000e+00    0.00000e+00
       13    0    0    0      -1.00000e+00    1.00000e+00    0.00000e+00
       14    0    0    0       0.00000e+00    1.00000e+00    0.00000e+00
       15    0    0    0       3.00000e-01    1.00000e+00    0.00000e+00
       16    0    0    0       1.00000e+00    1.00000e+00    0.00000e+00

 L O A D   C A S E   D A T A

     LOAD CASE NUMBER . . . . . . . =     1
     NUMBER OF CONCENTRATED LOADS . =    16

    NODE       DIRECTION      LOAD
   NUMBER                   MAGNITUDE
      1            5        1.60000e+00
      5            5        2.00000e+00
      9            5        2.40000e+00
     13            5        2.00000e+00
      4            5       -1.60000e+00
      8            5       -2.00000e+00
     12            5       -2.40000e+00
     16            5       -2.00000e+00
      1            2       -1.00000e+00
      2            2       -1.30000e+00
      3            2       -1.00000e+00
      4            2       -7.00000e-01
     13            2        1.00000e+00
     14            2        1.30000e+00
     15            2        1.00000e+00
     16            2        7.00000e-01

 E L E M E N T   G R O U P   D A T A


 E L E M E N T   D E F I N I T I O N

 ELEMENT TYPE  . . . . . . . . . . . . .( NPAR(1) ) . . =    7
     EQ.1, TRUSS ELEMENTS
     EQ.2, ELEMENTS CURRENTLY
     EQ.3, NOT AVAILABLE

 NUMBER OF ELEMENTS. . . . . . . . . . .( NPAR(2) ) . . =    9

 M A T E R I A L   D E F I N I T I O N

 NUMBER OF DIFFERENT SETS OF MATERIAL
 AND CROSS-SECTIONAL  CONSTANTS  . . . .( NPAR(3) ) . . =    1

  SET       YOUNG'S     POISSON'S     SHELL
 NUMBER     MODULUS          RATIO      THICKNESS
               E              nu           h
    1     2.40000e+01     2.00000e-01     1.00000e+00


 E L E M E N T   I N F O R M A T I O N
 ELEMENT     NODE     NODE     NODE     NODE       MATERIAL
 NUMBER-N      I        J        K        L         SET NUMBER
    1          1        2        6        5           1
    2          2        3        7        6           1
    3          3        4        8        7           1
    4          5        6       10        9           1
    5          6        7       11       10           1
    6          7        8       12       11           1
    7          9       10       14       13           1
    8         10       11       15       14           1
    9         11       12       16       15           1

 EQUATION NUMBERS

   NODE NUMBER   DEGREES OF FREEDOM
        N           X    Y    Z
        1           0    0    1    2    3    0
        2           4    5    6    7    8    0
        3           9   10   11   12   13    0
        4          14    0   15   16   17    0
        5          18   19   20   21   22    0
        6          23   24   25   26   27    0
        7          28   29   30   31   32    0
        8          33   34   35   36   37    0
        9          38   39   40   41   42    0
       10          43   44    0    0    0    0
       11          45   46   47   48   49    0
       12          50   51   52   53   54    0
       13          55   56   57   58   59    0
       14          60   61   62   63   64    0
       15          65   66   67   68   69    0
       16          70   71   72   73   74    0

	TOTAL SYSTEM DATA

     NUMBER OF EQUATIONS . . . . . . . . . . . . . .(NEQ) = 74
     NUMBER OF MATRIX ELEMENTS . . . . . . . . . . .(NWK) = 1509
     MAXIMUM HALF BANDWIDTH  . . . . . . . . . . . .(MK ) = 30
     MEAN HALF BANDWIDTH . . . . . . . . . . . . . .(MM ) = 20


 LOAD CASE    1


 D I S P L A C E M E N T S

  NODE           X-DISPLACEMENT    Y-DISPLACEMENT    Z-DISPLACEMENT
    1               0.00000e+00       0.00000e+00       8.00000e-01       4.00000e-01       2.00000e+00       0.00000e+00
    2              -1.66667e-02       3.25261e-16      -2.00000e-01       4.00000e-01       5.33532e-14       0.00000e+00
    3              -2.16667e-02       2.86229e-16      -1.10000e-01       4.00000e-01      -6.00000e-01       0.00000e+00
    4              -3.33333e-02       0.00000e+00       8.00000e-01       4.00000e-01      -2.00000e+00       0.00000e+00
    5              -1.90820e-16       6.66667e-02       9.92000e-01       8.00000e-02       2.00000e+00       0.00000e+00
    6              -1.66667e-02       6.66667e-02      -8.00000e-03       8.00000e-02       3.06699e-14       0.00000e+00
    7              -2.16667e-02       6.66667e-02       8.20000e-02       8.00000e-02      -6.00000e-01       0.00000e+00
    8              -3.33333e-02       6.66667e-02       9.92000e-01       8.00000e-02      -2.00000e+00       0.00000e+00
    9              -1.87350e-16       8.33333e-02       1.00000e+00      -3.41949e-14       2.00000e+00       0.00000e+00
   10              -1.66667e-02       8.33333e-02       0.00000e+00       0.00000e+00       0.00000e+00       0.00000e+00
   11              -2.16667e-02       8.33333e-02       9.00000e-02      -2.52836e-15      -6.00000e-01       0.00000e+00
   12              -3.33333e-02       8.33333e-02       1.00000e+00      -8.27116e-15      -2.00000e+00       0.00000e+00
   13              -1.80411e-16       1.66667e-01       8.00000e-01      -4.00000e-01       2.00000e+00       0.00000e+00
   14              -1.66667e-02       1.66667e-01      -2.00000e-01      -4.00000e-01       4.92991e-14       0.00000e+00
   15              -2.16667e-02       1.66667e-01      -1.10000e-01      -4.00000e-01      -6.00000e-01       0.00000e+00
   16              -3.33333e-02       1.66667e-01       8.00000e-01      -4.00000e-01      -2.00000e+00       0.00000e+00

 S T R E S S  C A L C U L A T I O N S  F O R  E L E M E N T  G R O U P    1

    ELEMENT   GAUSS P           GUASS POINTS DISPLACEMENTS                       GUASS POINTS STRESSES
     NUMBER    INDEX        W             Theta             ThetaY               SX'X'_MAX     SY'Y'_MAX    SX'Y'_MAX
       1         1      8.00000e-01   4.00000e-01   2.00000e+00     -8.69042e+01   1.33253e+01   3.21965e-13
       1         2     -1.66667e-02   3.25261e-16  -2.00000e-01     -3.01615e-01   3.06458e+01  -1.19349e-13
       1         3      4.00000e-01   5.33532e-14  -2.16667e-02     -8.09584e+00  -8.32532e+00  -3.91354e-13
       1         4      2.86229e-16  -1.10000e-01   4.00000e-01     -9.46984e+01  -2.56458e+01   3.55271e-15
       1         5     -6.00000e-01  -3.33333e-02   8.00000e-01     -1.04083e-15   2.00000e+00   7.50268e-16
       2         1      8.00000e-01   4.00000e-01   2.00000e+00      8.51043e+01   4.77270e+01  -4.94197e-13
       2         2     -1.66667e-02   3.25261e-16  -2.00000e-01     -4.05643e+02  -5.04225e+01   9.93742e-14
       2         3      4.00000e-01   5.33532e-14  -2.16667e-02     -4.13438e+02  -8.93937e+01   1.47975e-16
       2         4      2.86229e-16  -1.10000e-01   4.00000e-01      7.73101e+01   8.75587e+00  -4.75849e-14
       2         5     -6.00000e-01  -3.33333e-02   8.00000e-01     -1.90820e-15   2.00000e+00  -3.83085e-16
       3         1      8.00000e-01   4.00000e-01   2.00000e+00      8.43137e+01   4.75689e+01  -1.92901e-13
       3         2     -1.66667e-02   3.25261e-16  -2.00000e-01     -2.14377e+02  -1.21692e+01   1.17961e-13
       3         3      4.00000e-01   5.33532e-14  -2.16667e-02     -2.22171e+02  -5.11403e+01   2.15106e-13
       3         4      2.86229e-16  -1.10000e-01   4.00000e-01      7.65195e+01   8.59775e+00  -7.21645e-15
       3         5     -6.00000e-01  -3.33333e-02   8.00000e-01     -9.54098e-16   2.00000e+00  -1.47761e-15
       4         1      8.00000e-01   4.00000e-01   2.00000e+00     -6.77128e+01   1.09282e+02   8.99281e-13
       4         2     -1.66667e-02   3.25261e-16  -2.00000e-01      1.88897e+01   1.26603e+02  -4.55191e-13
       4         3      4.00000e-01   5.33532e-14  -2.16667e-02     -1.22872e+01  -2.92820e+01  -1.39888e-12
       4         4      2.86229e-16  -1.10000e-01   4.00000e-01     -9.88897e+01  -4.66025e+01  -2.66454e-15
       4         5     -6.00000e-01  -3.33333e-02   8.00000e-01      4.33681e-16   2.00000e+00   6.07153e-16
       5         1      8.00000e-01   4.00000e-01   2.00000e+00      1.04296e+02   1.43684e+02  -4.58522e-12
       5         2     -1.66667e-02   3.25261e-16  -2.00000e-01     -3.86452e+02   4.55342e+01   2.04281e-12
       5         3      4.00000e-01   5.33532e-14  -2.16667e-02     -4.17629e+02  -1.10350e+02   4.18554e-12
       5         4      2.86229e-16  -1.10000e-01   4.00000e-01      7.31187e+01  -1.22008e+01  -1.96287e-13
       5         5     -6.00000e-01  -3.33333e-02   8.00000e-01      1.04083e-15   2.00000e+00   2.60209e-16
       6         1      8.00000e-01   4.00000e-01   2.00000e+00      1.03505e+02   1.43526e+02   1.55431e-13
       6         2     -1.66667e-02   3.25261e-16  -2.00000e-01     -1.95185e+02   8.37875e+01   1.11022e-13
       6         3      4.00000e-01   5.33532e-14  -2.16667e-02     -2.26362e+02  -7.20970e+01   9.99201e-14
       6         4      2.86229e-16  -1.10000e-01   4.00000e-01      7.23282e+01  -1.23590e+01   1.15463e-14
       6         5     -6.00000e-01  -3.33333e-02   8.00000e-01      4.33681e-16   2.00000e+00  -8.79753e-16
       7         1      8.00000e-01   4.00000e-01   2.00000e+00     -9.30333e+01  -1.73205e+01  -7.06379e-13
       7         2     -1.66667e-02   3.25261e-16  -2.00000e-01     -6.43078e+00  -2.69576e-13   1.45717e-13
       7         3      4.00000e-01   5.33532e-14  -2.16667e-02     -2.96668e+00   1.73205e+01   4.39926e-13
       7         4      2.86229e-16  -1.10000e-01   4.00000e-01     -8.95692e+01   5.10703e-13  -3.28626e-14
       7         5     -6.00000e-01  -3.33333e-02   8.00000e-01      2.60209e-16   2.00000e+00   1.38778e-16
       8         1      8.00000e-01   4.00000e-01   2.00000e+00      7.89751e+01   1.70812e+01   1.14166e-12
       8         2     -1.66667e-02   3.25261e-16  -2.00000e-01     -4.11773e+02  -8.10684e+01  -9.62640e-13
       8         3      4.00000e-01   5.33532e-14  -2.16667e-02     -4.08308e+02  -6.37479e+01  -9.14067e-13
       8         4      2.86229e-16  -1.10000e-01   4.00000e-01      8.24392e+01   3.44017e+01   9.53298e-14
       8         5     -6.00000e-01  -3.33333e-02   8.00000e-01      9.54098e-16   2.00000e+00   3.06468e-16
       9         1      8.00000e-01   4.00000e-01   2.00000e+00      7.81846e+01   1.69231e+01   7.97973e-14
       9         2     -1.66667e-02   3.25261e-16  -2.00000e-01     -2.20506e+02  -4.28150e+01  -3.46945e-14
       9         3      4.00000e-01   5.33532e-14  -2.16667e-02     -2.17042e+02  -2.54945e+01  -2.75474e-13
       9         4      2.86229e-16  -1.10000e-01   4.00000e-01      8.16487e+01   3.42436e+01  -1.34337e-14
       9         5     -6.00000e-01  -3.33333e-02   8.00000e-01      2.60209e-16   2.00000e+00  -7.16193e-16

 S O L U T I O N   T I M E   L O G   I N   S E C 

     TIME FOR INPUT PHASE = 1.23000e-01
     TIME FOR CALCULATION OF STIFFNESS MATRIX = 7.00000e-03
     TIME FOR FACTORIZATION AND LOAD CASE SOLUTIONS = 8.60000e-02

     T O T A L   S O L U T I O N   T I M E = 4.06000e-01
